TN:
SF:src\SeaBattleGame.js
FN:11,(anonymous_0)
FN:34,(anonymous_1)
FN:54,(anonymous_2)
FN:67,(anonymous_3)
FN:90,(anonymous_4)
FN:134,(anonymous_5)
FN:156,(anonymous_6)
FN:170,(anonymous_7)
FN:183,(anonymous_8)
FN:184,(anonymous_9)
FN:185,(anonymous_10)
FN:195,(anonymous_11)
FN:210,(anonymous_12)
FNF:13
FNH:0
FNDA:0,(anonymous_0)
FNDA:0,(anonymous_1)
FNDA:0,(anonymous_2)
FNDA:0,(anonymous_3)
FNDA:0,(anonymous_4)
FNDA:0,(anonymous_5)
FNDA:0,(anonymous_6)
FNDA:0,(anonymous_7)
FNDA:0,(anonymous_8)
FNDA:0,(anonymous_9)
FNDA:0,(anonymous_10)
FNDA:0,(anonymous_11)
FNDA:0,(anonymous_12)
DA:12,0
DA:19,0
DA:20,0
DA:21,0
DA:22,0
DA:23,0
DA:25,0
DA:35,0
DA:36,0
DA:38,0
DA:40,0
DA:42,0
DA:45,0
DA:47,0
DA:55,0
DA:56,0
DA:58,0
DA:59,0
DA:61,0
DA:68,0
DA:70,0
DA:73,0
DA:75,0
DA:77,0
DA:79,0
DA:83,0
DA:91,0
DA:92,0
DA:93,0
DA:94,0
DA:96,0
DA:97,0
DA:98,0
DA:99,0
DA:102,0
DA:105,0
DA:106,0
DA:107,0
DA:111,0
DA:112,0
DA:114,0
DA:117,0
DA:118,0
DA:119,0
DA:122,0
DA:125,0
DA:126,0
DA:135,0
DA:137,0
DA:139,0
DA:142,0
DA:144,0
DA:147,0
DA:148,0
DA:149,0
DA:157,0
DA:158,0
DA:160,0
DA:161,0
DA:171,0
DA:172,0
DA:173,0
DA:175,0
DA:184,0
DA:185,0
DA:186,0
DA:196,0
DA:211,0
DA:212,0
DA:213,0
DA:214,0
LF:71
LH:0
BRDA:11,0,0,0
BRDA:13,1,0,0
BRDA:13,1,1,0
BRDA:14,2,0,0
BRDA:14,2,1,0
BRDA:15,3,0,0
BRDA:15,3,1,0
BRDA:75,4,0,0
BRDA:75,4,1,0
BRDA:77,5,0,0
BRDA:77,5,1,0
BRDA:96,6,0,0
BRDA:96,6,1,0
BRDA:105,7,0,0
BRDA:105,7,1,0
BRDA:117,8,0,0
BRDA:117,8,1,0
BRDA:147,9,0,0
BRDA:147,9,1,0
BRDA:203,10,0,0
BRDA:203,10,1,0
BRF:21
BRH:0
end_of_record
TN:
SF:src\models\AIPlayer.js
FN:7,(anonymous_0)
FN:19,(anonymous_1)
FN:37,(anonymous_2)
FN:69,(anonymous_3)
FN:97,(anonymous_4)
FN:101,(anonymous_5)
FN:112,(anonymous_6)
FN:120,(anonymous_7)
FN:127,(anonymous_8)
FNF:9
FNH:9
FNDA:22,(anonymous_0)
FNDA:7,(anonymous_1)
FNDA:5,(anonymous_2)
FNDA:9,(anonymous_3)
FNDA:6,(anonymous_4)
FNDA:20,(anonymous_5)
FNDA:10,(anonymous_6)
FNDA:6,(anonymous_7)
FNDA:1,(anonymous_8)
DA:8,22
DA:9,22
DA:10,22
DA:11,22
DA:22,7
DA:23,5
DA:25,2
DA:26,2
DA:29,7
DA:38,5
DA:39,5
DA:41,5
DA:42,104
DA:43,104
DA:45,104
DA:46,4
DA:48,100
DA:52,1
DA:53,10
DA:54,100
DA:55,0
DA:60,1
DA:70,9
DA:71,4
DA:73,4
DA:75,2
DA:76,2
DA:77,2
DA:80,2
DA:81,2
DA:85,5
DA:86,1
DA:87,1
DA:98,6
DA:101,6
DA:102,20
DA:103,19
DA:113,10
DA:121,6
DA:128,1
DA:129,1
DA:130,1
LF:42
LH:41
BRDA:7,0,0,1
BRDA:22,1,0,5
BRDA:22,1,1,2
BRDA:22,2,0,7
BRDA:22,2,1,6
BRDA:45,3,0,4
BRDA:45,3,1,100
BRDA:54,4,0,0
BRDA:54,4,1,100
BRDA:70,5,0,4
BRDA:70,5,1,5
BRDA:73,6,0,2
BRDA:73,6,1,2
BRDA:85,7,0,1
BRDA:85,7,1,4
BRDA:85,8,0,5
BRDA:85,8,1,5
BRDA:102,9,0,19
BRDA:102,9,1,1
BRF:19
BRH:18
end_of_record
TN:
SF:src\models\Board.js
FN:7,(anonymous_0)
FN:18,(anonymous_1)
FN:19,(anonymous_2)
FN:27,(anonymous_3)
FN:59,(anonymous_4)
FN:82,(anonymous_5)
FN:83,(anonymous_6)
FN:94,(anonymous_7)
FN:95,(anonymous_8)
FN:103,(anonymous_9)
FN:136,(anonymous_10)
FN:148,(anonymous_11)
FN:149,(anonymous_12)
FN:157,(anonymous_13)
FN:169,(anonymous_14)
FN:170,(anonymous_15)
FN:177,(anonymous_16)
FN:178,(anonymous_17)
FN:185,(anonymous_18)
FN:186,(anonymous_19)
FNF:20
FNH:20
FNDA:138,(anonymous_0)
FNDA:139,(anonymous_1)
FNDA:1385,(anonymous_2)
FNDA:21,(anonymous_3)
FNDA:128,(anonymous_4)
FNDA:25,(anonymous_5)
FNDA:66,(anonymous_6)
FNDA:130,(anonymous_7)
FNDA:8013,(anonymous_8)
FNDA:128,(anonymous_9)
FNDA:248,(anonymous_10)
FNDA:1,(anonymous_11)
FNDA:10,(anonymous_12)
FNDA:9,(anonymous_13)
FNDA:36,(anonymous_14)
FNDA:28,(anonymous_15)
FNDA:10,(anonymous_16)
FNDA:19,(anonymous_17)
FNDA:10,(anonymous_18)
FNDA:10,(anonymous_19)
DA:8,138
DA:9,138
DA:10,138
DA:11,138
DA:19,1385
DA:28,21
DA:29,21
DA:31,21
DA:32,120
DA:33,120
DA:34,120
DA:36,120
DA:37,120
DA:39,120
DA:40,20
DA:41,20
DA:42,20
DA:43,20
DA:44,20
DA:46,100
DA:48,1
DA:60,128
DA:62,128
DA:63,169
DA:64,169
DA:66,169
DA:67,4
DA:70,165
DA:71,165
DA:72,102
DA:75,22
DA:83,25
DA:84,66
DA:85,66
DA:86,66
DA:95,8013
DA:104,128
DA:105,2
DA:108,126
DA:109,126
DA:110,126
DA:113,126
DA:114,20
DA:115,12
DA:116,12
DA:126,114
DA:127,114
DA:137,248
DA:138,8
DA:140,240
DA:141,240
DA:149,10
DA:158,9
DA:159,9
DA:161,9
DA:168,9
DA:169,36
DA:170,28
DA:178,19
DA:186,10
LF:60
LH:60
BRDA:7,0,0,89
BRDA:27,1,0,0
BRDA:32,2,0,58
BRDA:32,2,1,62
BRDA:33,3,0,58
BRDA:33,3,1,62
BRDA:34,4,0,58
BRDA:34,4,1,62
BRDA:39,5,0,20
BRDA:39,5,1,100
BRDA:63,6,0,86
BRDA:63,6,1,83
BRDA:64,7,0,86
BRDA:64,7,1,83
BRDA:66,8,0,4
BRDA:66,8,1,165
BRDA:66,9,0,169
BRDA:66,9,1,167
BRDA:71,10,0,102
BRDA:71,10,1,63
BRDA:104,11,0,2
BRDA:104,11,1,126
BRDA:114,12,0,12
BRDA:114,12,1,8
BRDA:137,13,0,8
BRDA:137,13,1,240
BRDA:137,14,0,248
BRDA:137,14,1,245
BRDA:137,14,2,244
BRDA:137,14,3,241
BRF:30
BRH:29
end_of_record
TN:
SF:src\models\Player.js
FN:7,(anonymous_0)
FN:18,(anonymous_1)
FN:32,(anonymous_2)
FN:42,(anonymous_3)
FN:50,(anonymous_4)
FN:58,(anonymous_5)
FN:66,(anonymous_6)
FN:74,(anonymous_7)
FNF:8
FNH:8
FNDA:44,(anonymous_0)
FNDA:13,(anonymous_1)
FNDA:1,(anonymous_2)
FNDA:8,(anonymous_3)
FNDA:6,(anonymous_4)
FNDA:1,(anonymous_5)
FNDA:1,(anonymous_6)
FNDA:7,(anonymous_7)
DA:8,44
DA:9,44
DA:10,44
DA:19,13
DA:20,20
DA:21,20
DA:22,1
DA:34,1
DA:43,8
DA:51,6
DA:59,1
DA:67,1
DA:75,7
LF:13
LH:13
BRDA:7,0,0,1
BRDA:18,1,0,1
BRDA:18,2,0,1
BRDA:21,3,0,1
BRDA:21,3,1,19
BRF:5
BRH:5
end_of_record
TN:
SF:src\models\Ship.js
FN:5,(anonymous_0)
FN:20,(anonymous_1)
FN:38,(anonymous_2)
FN:51,(anonymous_3)
FN:52,(anonymous_4)
FN:59,(anonymous_5)
FN:68,(anonymous_6)
FN:69,(anonymous_7)
FNF:8
FNH:8
FNDA:142,(anonymous_0)
FNDA:136,(anonymous_1)
FNDA:50,(anonymous_2)
FNDA:46,(anonymous_3)
FNDA:83,(anonymous_4)
FNDA:8040,(anonymous_5)
FNDA:8,(anonymous_6)
FNDA:19,(anonymous_7)
DA:6,142
DA:7,142
DA:8,142
DA:9,142
DA:10,142
DA:11,142
DA:21,136
DA:22,136
DA:23,136
DA:24,136
DA:26,136
DA:27,399
DA:28,399
DA:29,399
DA:39,50
DA:40,50
DA:41,40
DA:42,40
DA:44,10
DA:52,83
DA:60,8040
DA:69,19
LF:22
LH:22
BRDA:5,0,0,1
BRDA:27,1,0,360
BRDA:27,1,1,39
BRDA:28,2,0,360
BRDA:28,2,1,39
BRDA:40,3,0,40
BRDA:40,3,1,10
BRDA:40,4,0,50
BRDA:40,4,1,41
BRF:9
BRH:9
end_of_record
TN:
SF:src\ui\GameDisplay.js
FN:5,(anonymous_0)
FN:13,(anonymous_1)
FN:31,(anonymous_2)
FN:63,(anonymous_3)
FN:75,(anonymous_4)
FN:86,(anonymous_5)
FN:107,(anonymous_6)
FN:121,(anonymous_7)
FN:138,(anonymous_8)
FN:157,(anonymous_9)
FN:167,(anonymous_10)
FN:176,(anonymous_11)
FN:183,(anonymous_12)
FN:190,(anonymous_13)
FNF:14
FNH:0
FNDA:0,(anonymous_0)
FNDA:0,(anonymous_1)
FNDA:0,(anonymous_2)
FNDA:0,(anonymous_3)
FNDA:0,(anonymous_4)
FNDA:0,(anonymous_5)
FNDA:0,(anonymous_6)
FNDA:0,(anonymous_7)
FNDA:0,(anonymous_8)
FNDA:0,(anonymous_9)
FNDA:0,(anonymous_10)
FNDA:0,(anonymous_11)
FNDA:0,(anonymous_12)
FNDA:0,(anonymous_13)
DA:6,0
DA:14,0
DA:15,0
DA:16,0
DA:17,0
DA:18,0
DA:19,0
DA:20,0
DA:21,0
DA:22,0
DA:23,0
DA:32,0
DA:35,0
DA:36,0
DA:39,0
DA:40,0
DA:43,0
DA:44,0
DA:47,0
DA:50,0
DA:51,0
DA:54,0
DA:56,0
DA:64,0
DA:65,0
DA:66,0
DA:68,0
DA:76,0
DA:78,0
DA:87,0
DA:88,0
DA:89,0
DA:92,0
DA:93,0
DA:94,0
DA:95,0
DA:98,0
DA:108,0
DA:109,0
DA:110,0
DA:112,0
DA:122,0
DA:123,0
DA:124,0
DA:125,0
DA:128,0
DA:139,0
DA:141,0
DA:142,0
DA:144,0
DA:147,0
DA:150,0
DA:158,0
DA:159,0
DA:160,0
DA:168,0
DA:177,0
DA:184,0
DA:191,0
LF:59
LH:0
BRDA:13,0,0,0
BRDA:87,1,0,0
BRDA:87,1,1,0
BRDA:92,2,0,0
BRDA:92,2,1,0
BRDA:94,3,0,0
BRDA:94,3,1,0
BRDA:109,4,0,0
BRDA:109,4,1,0
BRDA:122,5,0,0
BRDA:122,5,1,0
BRDA:124,6,0,0
BRDA:124,6,1,0
BRDA:141,7,0,0
BRDA:141,7,1,0
BRF:15
BRH:0
end_of_record
TN:
SF:src\utils\GameUtils.js
FN:10,(anonymous_0)
FN:57,(anonymous_1)
FN:58,(anonymous_2)
FN:66,(anonymous_3)
FN:79,(anonymous_4)
FN:89,(anonymous_5)
FN:99,(anonymous_6)
FN:115,(anonymous_7)
FN:129,(anonymous_8)
FN:150,(anonymous_9)
FN:168,(anonymous_10)
FN:177,(anonymous_11)
FNF:12
FNH:12
FNDA:26,(anonymous_0)
FNDA:3,(anonymous_1)
FNDA:5,(anonymous_2)
FNDA:919,(anonymous_3)
FNDA:431,(anonymous_4)
FNDA:103,(anonymous_5)
FNDA:15,(anonymous_6)
FNDA:437,(anonymous_7)
FNDA:5,(anonymous_8)
FNDA:4,(anonymous_9)
FNDA:12,(anonymous_10)
FNDA:9,(anonymous_11)
DA:11,26
DA:12,4
DA:18,22
DA:20,22
DA:21,6
DA:27,16
DA:28,16
DA:30,16
DA:31,7
DA:37,9
DA:38,0
DA:44,9
DA:58,5
DA:67,919
DA:80,431
DA:90,103
DA:100,15
DA:101,15
DA:103,15
DA:104,15
DA:106,15
DA:116,437
DA:117,437
DA:119,437
DA:130,5
DA:131,5
DA:133,5
DA:134,45
DA:135,425
DA:136,425
DA:137,26
DA:142,5
DA:151,4
DA:153,4
DA:154,8
DA:155,8
DA:158,4
DA:169,12
DA:178,9
DA:179,9
DA:180,9
DA:182,9
DA:183,3
DA:185,6
LF:44
LH:43
BRDA:11,0,0,4
BRDA:11,0,1,22
BRDA:11,1,0,26
BRDA:11,1,1,24
BRDA:11,1,2,23
BRDA:20,2,0,6
BRDA:20,2,1,16
BRDA:30,3,0,7
BRDA:30,3,1,9
BRDA:30,4,0,16
BRDA:30,4,1,12
BRDA:37,5,0,0
BRDA:37,5,1,9
BRDA:37,6,0,9
BRDA:37,6,1,9
BRDA:37,6,2,9
BRDA:37,6,3,9
BRDA:106,7,0,15
BRDA:106,7,1,7
BRDA:106,7,2,12
BRDA:106,7,3,6
BRDA:129,8,0,4
BRDA:136,9,0,26
BRDA:136,9,1,399
BRDA:136,10,0,425
BRDA:136,10,1,31
BRDA:168,11,0,10
BRDA:169,12,0,12
BRDA:169,12,1,11
BRDA:169,12,2,8
BRDA:169,12,3,7
BRDA:182,13,0,3
BRDA:182,13,1,6
BRF:33
BRH:32
end_of_record
